Using pre-set license
Built from '2022.3/staging' branch; Version is '2022.3.23f1 (dbb3f7c5b5c6) revision 14398455'; Using compiler version '192829333'; Build Type 'Release'
OS: 'Windows 11  (10.0.22631) 64bit Core' Language: 'ko' Physical Memory: 16228 MB
BatchMode: 1, IsHumanControllingUs: 0, StartBugReporterOnCrash: 0, Is64bit: 1, IsPro: 1

COMMAND LINE ARGUMENTS:
C:\Program Files\Unity 2022.3.23f1\Editor\Unity.exe
-adb2
-batchMode
-noUpm
-name
AssetImportWorker2
-projectPath
C:/Users/김정현/Desktop/Survial Shooter/SurvivalShooter
-logFile
Logs/AssetImportWorker2.log
-srvPort
59256
Successfully changed project path to: C:/Users/김정현/Desktop/Survial Shooter/SurvivalShooter
C:/Users/김정현/Desktop/Survial Shooter/SurvivalShooter
[UnityMemory] Configuration Parameters - Can be set up in boot.config
    "memorysetup-bucket-allocator-granularity=16"
    "memorysetup-bucket-allocator-bucket-count=8"
    "memorysetup-bucket-allocator-block-size=33554432"
    "memorysetup-bucket-allocator-block-count=8"
    "memorysetup-main-allocator-block-size=16777216"
    "memorysetup-thread-allocator-block-size=16777216"
    "memorysetup-gfx-main-allocator-block-size=16777216"
    "memorysetup-gfx-thread-allocator-block-size=16777216"
    "memorysetup-cache-allocator-block-size=4194304"
    "memorysetup-typetree-allocator-block-size=2097152"
    "memorysetup-profiler-bucket-allocator-granularity=16"
    "memorysetup-profiler-bucket-allocator-bucket-count=8"
    "memorysetup-profiler-bucket-allocator-block-size=33554432"
    "memorysetup-profiler-bucket-allocator-block-count=8"
    "memorysetup-profiler-allocator-block-size=16777216"
    "memorysetup-profiler-editor-allocator-block-size=1048576"
    "memorysetup-temp-allocator-size-main=16777216"
    "memorysetup-job-temp-allocator-block-size=2097152"
    "memorysetup-job-temp-allocator-block-size-background=1048576"
    "memorysetup-job-temp-allocator-reduction-small-platforms=262144"
    "memorysetup-allocator-temp-initial-block-size-main=262144"
    "memorysetup-allocator-temp-initial-block-size-worker=262144"
    "memorysetup-temp-allocator-size-background-worker=32768"
    "memorysetup-temp-allocator-size-job-worker=262144"
    "memorysetup-temp-allocator-size-preload-manager=33554432"
    "memorysetup-temp-allocator-size-nav-mesh-worker=65536"
    "memorysetup-temp-allocator-size-audio-worker=65536"
    "memorysetup-temp-allocator-size-cloud-worker=32768"
    "memorysetup-temp-allocator-size-gi-baking-worker=262144"
    "memorysetup-temp-allocator-size-gfx=262144"
Player connection [26368] Host "[IP] 192.168.0.13 [Port] 0 [Flags] 2 [Guid] 1122380671 [EditorId] 1122380671 [Version] 1048832 [Id] WindowsEditor(7,DESKTOP-149T7BQ) [Debug] 1 [PackageName] WindowsEditor [ProjectName] Editor" joined multi-casting on [225.0.0.222:54997]...

Player connection [26368] Host "[IP] 192.168.0.13 [Port] 0 [Flags] 2 [Guid] 1122380671 [EditorId] 1122380671 [Version] 1048832 [Id] WindowsEditor(7,DESKTOP-149T7BQ) [Debug] 1 [PackageName] WindowsEditor [ProjectName] Editor" joined alternative multi-casting on [225.0.0.222:34997]...

[Physics::Module] Initialized MultithreadedJobDispatcher with 11 workers.
Refreshing native plugins compatible for Editor in 8.82 ms, found 3 plugins.
Preloading 0 native plugins for Editor in 0.00 ms.
Initialize engine version: 2022.3.23f1 (dbb3f7c5b5c6)
[Subsystems] Discovering subsystems at path C:/Program Files/Unity 2022.3.23f1/Editor/Data/Resources/UnitySubsystems
[Subsystems] Discovering subsystems at path C:/Users/김정현/Desktop/Survial Shooter/SurvivalShooter/Assets
GfxDevice: creating device client; threaded=0; jobified=0
Direct3D:
    Version:  Direct3D 11.0 [level 11.1]
    Renderer: NVIDIA GeForce RTX 3060 (ID=0x2504)
    Vendor:   NVIDIA
    VRAM:     12142 MB
    Driver:   30.0.15.1165
Initialize mono
Mono path[0] = 'C:/Program Files/Unity 2022.3.23f1/Editor/Data/Managed'
Mono path[1] = 'C:/Program Files/Unity 2022.3.23f1/Editor/Data/MonoBleedingEdge/lib/mono/unityjit-win32'
Mono config path = 'C:/Program Files/Unity 2022.3.23f1/Editor/Data/MonoBleedingEdge/etc'
Using monoOptions --debugger-agent=transport=dt_socket,embedding=1,server=y,suspend=n,address=127.0.0.1:56420
Begin MonoManager ReloadAssembly
Registering precompiled unity dll's ...
Register platform support module: C:/Program Files/Unity 2022.3.23f1/Editor/Data/PlaybackEngines/AndroidPlayer/UnityEditor.Android.Extensions.dll
Register platform support module: C:/Program Files/Unity 2022.3.23f1/Editor/Data/PlaybackEngines/WindowsStandaloneSupport/UnityEditor.WindowsStandalone.Extensions.dll
Registered in 0.007398 seconds.
- Loaded All Assemblies, in  0.336 seconds
Native extension for WindowsStandalone target not found
Native extension for Android target not found
Mono: successfully reloaded assembly
- Finished resetting the current domain, in  0.285 seconds
Domain Reload Profiling: 619ms
	BeginReloadAssembly (110ms)
		ExecutionOrderSort (0ms)
		DisableScriptedObjects (0ms)
		BackupInstance (0ms)
		ReleaseScriptingObjects (0ms)
		CreateAndSetChildDomain (1ms)
	RebuildCommonClasses (29ms)
	RebuildNativeTypeToScriptingClass (10ms)
	initialDomainReloadingComplete (53ms)
	LoadAllAssembliesAndSetupDomain (131ms)
		LoadAssemblies (108ms)
		RebuildTransferFunctionScriptingTraits (0ms)
		AnalyzeDomain (128ms)
			TypeCache.Refresh (127ms)
				TypeCache.ScanAssembly (116ms)
			ScanForSourceGeneratedMonoScriptInfo (0ms)
			ResolveRequiredComponents (0ms)
	FinalizeReload (285ms)
		ReleaseScriptCaches (0ms)
		RebuildScriptCaches (0ms)
		SetupLoadedEditorAssemblies (235ms)
			LogAssemblyErrors (0ms)
			InitializePlatformSupportModulesInManaged (72ms)
			SetLoadedEditorAssemblies (4ms)
			RefreshPlugins (0ms)
			BeforeProcessingInitializeOnLoad (2ms)
			ProcessInitializeOnLoadAttributes (107ms)
			ProcessInitializeOnLoadMethodAttributes (51ms)
			AfterProcessingInitializeOnLoad (0ms)
			EditorAssembliesLoaded (0ms)
		ExecutionOrderSort2 (0ms)
		AwakeInstancesAfterBackupRestoration (0ms)
========================================================================
Worker process is ready to serve import requests
Begin MonoManager ReloadAssembly
- Loaded All Assemblies, in  0.543 seconds
Refreshing native plugins compatible for Editor in 3.33 ms, found 3 plugins.
Native extension for WindowsStandalone target not found
Native extension for Android target not found
Package Manager log level set to [2]
[Package Manager] Server::EnsureServerProcessIsRunning -- launch failed, reason: Unity was launched with the -noUpm command-line argument
[Package Manager] UpmClient::Send -- Unable to send message (not connected to UPM process).
[Package Manager] Cannot connect to Unity Package Manager local server
Mono: successfully reloaded assembly
- Finished resetting the current domain, in  0.487 seconds
Domain Reload Profiling: 1027ms
	BeginReloadAssembly (135ms)
		ExecutionOrderSort (0ms)
		DisableScriptedObjects (4ms)
		BackupInstance (0ms)
		ReleaseScriptingObjects (0ms)
		CreateAndSetChildDomain (18ms)
	RebuildCommonClasses (24ms)
	RebuildNativeTypeToScriptingClass (7ms)
	initialDomainReloadingComplete (35ms)
	LoadAllAssembliesAndSetupDomain (338ms)
		LoadAssemblies (270ms)
		RebuildTransferFunctionScriptingTraits (0ms)
		AnalyzeDomain (152ms)
			TypeCache.Refresh (131ms)
				TypeCache.ScanAssembly (115ms)
			ScanForSourceGeneratedMonoScriptInfo (13ms)
			ResolveRequiredComponents (6ms)
	FinalizeReload (487ms)
		ReleaseScriptCaches (0ms)
		RebuildScriptCaches (0ms)
		SetupLoadedEditorAssemblies (367ms)
			LogAssemblyErrors (0ms)
			InitializePlatformSupportModulesInManaged (24ms)
			SetLoadedEditorAssemblies (3ms)
			RefreshPlugins (0ms)
			BeforeProcessingInitializeOnLoad (50ms)
			ProcessInitializeOnLoadAttributes (266ms)
			ProcessInitializeOnLoadMethodAttributes (17ms)
			AfterProcessingInitializeOnLoad (7ms)
			EditorAssembliesLoaded (0ms)
		ExecutionOrderSort2 (0ms)
		AwakeInstancesAfterBackupRestoration (12ms)
Launched and connected shader compiler UnityShaderCompiler.exe after 0.05 seconds
Refreshing native plugins compatible for Editor in 5.82 ms, found 3 plugins.
Preloading 0 native plugins for Editor in 0.00 ms.
Unloading 3094 Unused Serialized files (Serialized files now loaded: 0)
Unloading 32 unused Assets / (57.4 KB). Loaded Objects now: 3558.
Memory consumption went from 126.3 MB to 126.2 MB.
Total: 3.654200 ms (FindLiveObjects: 0.224100 ms CreateObjectMapping: 0.193600 ms MarkObjects: 3.129000 ms  DeleteObjects: 0.106000 ms)

AssetImportParameters requested are different than current active one (requested -> active):
  custom:container-demuxer-ogg: 62fdf1f143b41e24485cea50d1cbac27 -> 
  custom:video-codec-MediaFoundation-h265: 746d11721c4dcdbdad8f713fa42b33f4 -> 
  custom:video-decoder-ogg-theora: a1e56fd34408186e4bbccfd4996cb3dc -> 
  custom:framework-win-MediaFoundation: 216162199b28c13a410421893ffa2e32 -> 
  custom:CustomObjectIndexerAttribute: 9a22284fe3817be447336de3de66b15e -> 
  custom:container-demuxer-webm: 4f35f7cbe854078d1ac9338744f61a02 -> 
  custom:container-muxer-webm: aa71ff27fc2769a1b78a27578f13a17b -> 
  custom:video-decoder-webm-vp8: 9c59270c3fd7afecdb556c50c9e8de78 -> 
  custom:SearchIndexIgnoredProperties: e643bd26f0fe6173181afceb89e7c659 -> 
  custom:AudioImporter_EditorPlatform: d09bf68614088b80899f8185d706f6e7 -> 
  custom:video-encoder-webm-vp8: eb34c28f22e8b96e1ab97ce403110664 -> 
  custom:audio-decoder-ogg-vorbis: bf7c407c2cedff20999df2af8eb42d56 -> 
  custom:audio-encoder-webm-vorbis: bf7c407c2cedff20999df2af8eb42d56 -> 
========================================================================
Received Import Request.
  Time since last request: 423733.706680 seconds.
  path: Assets/Materials/ClockGlassMaterial.mat
  artifactKey: Guid(f5f51bb814b2fb344a86d653efa7820a) Importer(815301076,1909f56bfc062723c751e8b465ee728b)
Start importing Assets/Materials/ClockGlassMaterial.mat using Guid(f5f51bb814b2fb344a86d653efa7820a) Importer(815301076,1909f56bfc062723c751e8b465ee728b)  -> (artifact id: '076d9468bc6daea774503ac3dd308889') in 0.254005 seconds
Number of updated asset objects reloaded before import = 0
Number of asset objects unloaded after import = 2
========================================================================
Received Import Request.
  Time since last request: 0.000030 seconds.
  path: Assets/Prefabs/HitParticles.prefab
  artifactKey: Guid(ef39ae7291c751249b296f00bf6fb042) Importer(815301076,1909f56bfc062723c751e8b465ee728b)
Start importing Assets/Prefabs/HitParticles.prefab using Guid(ef39ae7291c751249b296f00bf6fb042) Importer(815301076,1909f56bfc062723c751e8b465ee728b)  -> (artifact id: '2ce22b812ecc1560a1ef3c902caddf7f') in 0.198117 seconds
Number of updated asset objects reloaded before import = 0
Number of asset objects unloaded after import = 8
========================================================================
Received Import Request.
  Time since last request: 0.000015 seconds.
  path: Assets/Textures/BloxOcclusion.png
  artifactKey: Guid(a33e76a8a18682947930d95a62547c5f) Importer(815301076,1909f56bfc062723c751e8b465ee728b)
Start importing Assets/Textures/BloxOcclusion.png using Guid(a33e76a8a18682947930d95a62547c5f) Importer(815301076,1909f56bfc062723c751e8b465ee728b)  -> (artifact id: '67fa3158e4604c4f5e52584c84eeb8f9') in 0.019425 seconds
Number of updated asset objects reloaded before import = 0
Number of asset objects unloaded after import = 2
========================================================================
Received Import Request.
  Time since last request: 0.000015 seconds.
  path: Assets/Textures/ArchesOcclusion.png
  artifactKey: Guid(2aabe84e37c1686468b7e9741a75acfb) Importer(815301076,1909f56bfc062723c751e8b465ee728b)
Start importing Assets/Textures/ArchesOcclusion.png using Guid(2aabe84e37c1686468b7e9741a75acfb) Importer(815301076,1909f56bfc062723c751e8b465ee728b)  -> (artifact id: '3587174f742436a715d1af51ae48bcaa') in 0.009726 seconds
Number of updated asset objects reloaded before import = 0
Number of asset objects unloaded after import = 2
========================================================================
Received Import Request.
  Time since last request: 0.000031 seconds.
  path: Assets/Textures/ClockNormals.png
  artifactKey: Guid(0b02c1b0f2dee13469778171ed1ff9bb) Importer(815301076,1909f56bfc062723c751e8b465ee728b)
Start importing Assets/Textures/ClockNormals.png using Guid(0b02c1b0f2dee13469778171ed1ff9bb) Importer(815301076,1909f56bfc062723c751e8b465ee728b)  -> (artifact id: 'b6f77d65c9cbcf3e41b6238352dd2aa2') in 0.025421 seconds
Number of updated asset objects reloaded before import = 0
Number of asset objects unloaded after import = 2
========================================================================
Received Import Request.
  Time since last request: 0.000016 seconds.
  path: Assets/Textures/ArchesDiffuse.png
  artifactKey: Guid(f991c5ebb40b5db42b9505a1a96c5ffa) Importer(815301076,1909f56bfc062723c751e8b465ee728b)
Start importing Assets/Textures/ArchesDiffuse.png using Guid(f991c5ebb40b5db42b9505a1a96c5ffa) Importer(815301076,1909f56bfc062723c751e8b465ee728b)  -> (artifact id: '02663864c27beef7907a5b936347b7de') in 0.015957 seconds
Number of updated asset objects reloaded before import = 0
Number of asset objects unloaded after import = 2
========================================================================
Received Import Request.
  Time since last request: 0.000017 seconds.
  path: Assets/Textures/ArchesNormals.png
  artifactKey: Guid(9f5b2bd0e9ae86a4588ddf76b5ddc700) Importer(815301076,1909f56bfc062723c751e8b465ee728b)
Start importing Assets/Textures/ArchesNormals.png using Guid(9f5b2bd0e9ae86a4588ddf76b5ddc700) Importer(815301076,1909f56bfc062723c751e8b465ee728b)  -> (artifact id: 'b79c6e85031f81d2c517aaeaee69372a') in 0.015278 seconds
Number of updated asset objects reloaded before import = 0
Number of asset objects unloaded after import = 2
========================================================================
Received Import Request.
  Time since last request: 0.000255 seconds.
  path: Assets/Textures/DollhouseOcclusion.png
  artifactKey: Guid(953a666cbf70033428e8c1afa360bede) Importer(815301076,1909f56bfc062723c751e8b465ee728b)
Start importing Assets/Textures/DollhouseOcclusion.png using Guid(953a666cbf70033428e8c1afa360bede) Importer(815301076,1909f56bfc062723c751e8b465ee728b)  -> (artifact id: 'a9aab0a479848032e917731da5f7ce62') in 0.017383 seconds
Number of updated asset objects reloaded before import = 0
Number of asset objects unloaded after import = 2
========================================================================
Received Import Request.
  Time since last request: 0.000017 seconds.
  path: Assets/Materials/PlayerMaterial.mat
  artifactKey: Guid(3ea44298aa419344dbdcf87dd1a50533) Importer(815301076,1909f56bfc062723c751e8b465ee728b)
Start importing Assets/Materials/PlayerMaterial.mat using Guid(3ea44298aa419344dbdcf87dd1a50533) Importer(815301076,1909f56bfc062723c751e8b465ee728b)  -> (artifact id: '97951066ef223796cd622625aaf36bd7') in 0.196356 seconds
Number of updated asset objects reloaded before import = 0
Number of asset objects unloaded after import = 5
========================================================================
Received Import Request.
  Time since last request: 0.000015 seconds.
  path: Assets/Materials/DollhouseMaterial.mat
  artifactKey: Guid(c1949f404862a554fa4099c15ef2d2d0) Importer(815301076,1909f56bfc062723c751e8b465ee728b)
Start importing Assets/Materials/DollhouseMaterial.mat using Guid(c1949f404862a554fa4099c15ef2d2d0) Importer(815301076,1909f56bfc062723c751e8b465ee728b)  -> (artifact id: '0bc4414c3488ac2ae9aae442522446db') in 0.014256 seconds
Number of updated asset objects reloaded before import = 0
Number of asset objects unloaded after import = 5
========================================================================
Received Import Request.
  Time since last request: 0.000023 seconds.
  path: Assets/Materials/BatMaterial.mat
  artifactKey: Guid(0ef8417e2da236b41bc44d89b7d4d8b8) Importer(815301076,1909f56bfc062723c751e8b465ee728b)
Start importing Assets/Materials/BatMaterial.mat using Guid(0ef8417e2da236b41bc44d89b7d4d8b8) Importer(815301076,1909f56bfc062723c751e8b465ee728b)  -> (artifact id: '1e7c938da98fbd1d0366f19ce0971fd6') in 0.018264 seconds
Number of updated asset objects reloaded before import = 0
Number of asset objects unloaded after import = 5
========================================================================
Received Import Request.
  Time since last request: 0.000016 seconds.
  path: Assets/Materials/RobotMaterial.mat
  artifactKey: Guid(2094b0aba19a4c44bb00f6f055bb899e) Importer(815301076,1909f56bfc062723c751e8b465ee728b)
Start importing Assets/Materials/RobotMaterial.mat using Guid(2094b0aba19a4c44bb00f6f055bb899e) Importer(815301076,1909f56bfc062723c751e8b465ee728b)  -> (artifact id: '2e02cdd45c90531d0766dacaa1ee2d9a') in 0.017060 seconds
Number of updated asset objects reloaded before import = 0
Number of asset objects unloaded after import = 5
========================================================================
Received Import Request.
  Time since last request: 0.000028 seconds.
  path: Assets/Materials/SpinningTopMaterial.mat
  artifactKey: Guid(2cc03082a5ed39b48989495e27eca771) Importer(815301076,1909f56bfc062723c751e8b465ee728b)
Start importing Assets/Materials/SpinningTopMaterial.mat using Guid(2cc03082a5ed39b48989495e27eca771) Importer(815301076,1909f56bfc062723c751e8b465ee728b)  -> (artifact id: '35c1a6f0b45d1c78a0b6af6dad0825d8') in 0.197349 seconds
Number of updated asset objects reloaded before import = 0
Number of asset objects unloaded after import = 4
========================================================================
Received Import Request.
  Time since last request: 0.000021 seconds.
  path: Assets/Textures/DollArmNormals.png
  artifactKey: Guid(6b2b0c4bf9125a34095371457bd07f2b) Importer(815301076,1909f56bfc062723c751e8b465ee728b)
Start importing Assets/Textures/DollArmNormals.png using Guid(6b2b0c4bf9125a34095371457bd07f2b) Importer(815301076,1909f56bfc062723c751e8b465ee728b)  -> (artifact id: '74400064520cec0cd0fce0aaed651df6') in 0.010533 seconds
Number of updated asset objects reloaded before import = 0
Number of asset objects unloaded after import = 2
========================================================================
Received Import Request.
  Time since last request: 0.000020 seconds.
  path: Assets/Textures/DrawersNormals.png
  artifactKey: Guid(18683334a2daa4f40a666d3499c6eb81) Importer(815301076,1909f56bfc062723c751e8b465ee728b)
Start importing Assets/Textures/DrawersNormals.png using Guid(18683334a2daa4f40a666d3499c6eb81) Importer(815301076,1909f56bfc062723c751e8b465ee728b)  -> (artifact id: '926b19b061bd3cf109c06b6303dfa3c4') in 0.011293 seconds
Number of updated asset objects reloaded before import = 0
Number of asset objects unloaded after import = 2
========================================================================
Received Import Request.
  Time since last request: 0.000013 seconds.
  path: Assets/Materials/ArchesMaterial.mat
  artifactKey: Guid(f47747e933b49fc4d80c4175b842f8a6) Importer(815301076,1909f56bfc062723c751e8b465ee728b)
Start importing Assets/Materials/ArchesMaterial.mat using Guid(f47747e933b49fc4d80c4175b842f8a6) Importer(815301076,1909f56bfc062723c751e8b465ee728b)  -> (artifact id: '5cf16da5da74349b492f054fc281c0c3') in 0.012552 seconds
Number of updated asset objects reloaded before import = 0
Number of asset objects unloaded after import = 4
========================================================================
Received Import Request.
  Time since last request: 0.000021 seconds.
  path: Assets/Materials/PlanksMaterial.mat
  artifactKey: Guid(c9fdccd01cd0c3d40af6eb4f901b3b24) Importer(815301076,1909f56bfc062723c751e8b465ee728b)
Start importing Assets/Materials/PlanksMaterial.mat using Guid(c9fdccd01cd0c3d40af6eb4f901b3b24) Importer(815301076,1909f56bfc062723c751e8b465ee728b)  -> (artifact id: '177b06a0326408ab0eae5c2b839761d6') in 0.020359 seconds
Number of updated asset objects reloaded before import = 0
Number of asset objects unloaded after import = 5
========================================================================
Received Import Request.
  Time since last request: 0.000019 seconds.
  path: Assets/Textures/ClockSpecular.tif
  artifactKey: Guid(a9b9ddf6fe2c8a34d94a0f40cc7288c0) Importer(815301076,1909f56bfc062723c751e8b465ee728b)
Start importing Assets/Textures/ClockSpecular.tif using Guid(a9b9ddf6fe2c8a34d94a0f40cc7288c0) Importer(815301076,1909f56bfc062723c751e8b465ee728b)  -> (artifact id: '5496d4fa01c370190a94790256f96158') in 0.011688 seconds
Number of updated asset objects reloaded before import = 0
Number of asset objects unloaded after import = 2
========================================================================
Received Import Request.
  Time since last request: 0.000015 seconds.
  path: Assets/Textures/DollArmDiffuse.png
  artifactKey: Guid(1b23ed5ec94433f41ae8af0e68b1ef13) Importer(815301076,1909f56bfc062723c751e8b465ee728b)
Start importing Assets/Textures/DollArmDiffuse.png using Guid(1b23ed5ec94433f41ae8af0e68b1ef13) Importer(815301076,1909f56bfc062723c751e8b465ee728b)  -> (artifact id: 'b41254f3a25405bffbad0653913867a8') in 0.011515 seconds
Number of updated asset objects reloaded before import = 0
Number of asset objects unloaded after import = 2
========================================================================
Received Import Request.
  Time since last request: 0.000019 seconds.
  path: Assets/Textures/ClockOcclusion.png
  artifactKey: Guid(bb14626fa3aa3aa4ba0c22e62cfd8b58) Importer(815301076,1909f56bfc062723c751e8b465ee728b)
Start importing Assets/Textures/ClockOcclusion.png using Guid(bb14626fa3aa3aa4ba0c22e62cfd8b58) Importer(815301076,1909f56bfc062723c751e8b465ee728b)  -> (artifact id: '4a7707764810753fcd6ba5e823204d7b') in 0.011141 seconds
Number of updated asset objects reloaded before import = 0
Number of asset objects unloaded after import = 2
========================================================================
Received Import Request.
  Time since last request: 0.000017 seconds.
  path: Assets/Textures/ClockDiffuse.png
  artifactKey: Guid(efa9e000e09a8e04e9d2e9030bcc78fb) Importer(815301076,1909f56bfc062723c751e8b465ee728b)
Start importing Assets/Textures/ClockDiffuse.png using Guid(efa9e000e09a8e04e9d2e9030bcc78fb) Importer(815301076,1909f56bfc062723c751e8b465ee728b)  -> (artifact id: '172e3c933ad18e591420928964ced81d') in 0.013523 seconds
Number of updated asset objects reloaded before import = 0
Number of asset objects unloaded after import = 2
========================================================================
Received Import Request.
  Time since last request: 0.000017 seconds.
  path: Assets/Materials/ClockMaterial.mat
  artifactKey: Guid(90b239ceb2940124bb7636ec3c63615d) Importer(815301076,1909f56bfc062723c751e8b465ee728b)
Start importing Assets/Materials/ClockMaterial.mat using Guid(90b239ceb2940124bb7636ec3c63615d) Importer(815301076,1909f56bfc062723c751e8b465ee728b)  -> (artifact id: 'a3cbe6cd0f1c88de6e9d016b7acc5c40') in 0.016245 seconds
Number of updated asset objects reloaded before import = 0
Number of asset objects unloaded after import = 5
========================================================================
Received Import Request.
  Time since last request: 46.240569 seconds.
  path: Assets/Animator
  artifactKey: Guid(be41868f387e5c942ab56639b87f9aa6) Importer(815301076,1909f56bfc062723c751e8b465ee728b)
Start importing Assets/Animator using Guid(be41868f387e5c942ab56639b87f9aa6) Importer(815301076,1909f56bfc062723c751e8b465ee728b)  -> (artifact id: '59f78f3caadb174e5a7e17b8ce3477bc') in 0.000466 seconds
Number of updated asset objects reloaded before import = 0
Number of asset objects unloaded after import = 0
========================================================================
Received Import Request.
  Time since last request: 46.713745 seconds.
  path: Assets/Animator/PlayerAnimator.controller
  artifactKey: Guid(f3e066049b9606d47b3b941eada4d641) Importer(815301076,1909f56bfc062723c751e8b465ee728b)
Start importing Assets/Animator/PlayerAnimator.controller using Guid(f3e066049b9606d47b3b941eada4d641) Importer(815301076,1909f56bfc062723c751e8b465ee728b)  -> (artifact id: '9dc035d4aeacd5a41d7e5e3d0b0fad65') in 0.001791 seconds
Number of updated asset objects reloaded before import = 0
Number of asset objects unloaded after import = 1
========================================================================
Received Import Request.
  Time since last request: 13.538297 seconds.
  path: Assets/Models/Characters
  artifactKey: Guid(a2db6ed60f35771478d3b31828b24fe8) Importer(815301076,1909f56bfc062723c751e8b465ee728b)
Start importing Assets/Models/Characters using Guid(a2db6ed60f35771478d3b31828b24fe8) Importer(815301076,1909f56bfc062723c751e8b465ee728b)  -> (artifact id: '83987f1880603432f2bcab4c3147cc28') in 0.000377 seconds
Number of updated asset objects reloaded before import = 0
Number of asset objects unloaded after import = 0
========================================================================
Received Import Request.
  Time since last request: 0.063839 seconds.
  path: Assets/Models/Characters/Hellephant.fbx
  artifactKey: Guid(b77f122f451a2394898a24191c26107c) Importer(815301076,1909f56bfc062723c751e8b465ee728b)
Start importing Assets/Models/Characters/Hellephant.fbx using Guid(b77f122f451a2394898a24191c26107c) Importer(815301076,1909f56bfc062723c751e8b465ee728b)  -> (artifact id: 'a33660c3b2897b440d1111df75ed2f51') in 0.323759 seconds
Number of updated asset objects reloaded before import = 0
Number of asset objects unloaded after import = 22
